Creating destination directory: "/Users/goggin/Documents/CS/chatmaster/javadoc/"
Loading source file /Users/goggin/Documents/CS/chatmaster/app/controllers/Application.java...
Loading source file /Users/goggin/Documents/CS/chatmaster/app/controllers/Index.java...
Loading source file /Users/goggin/Documents/CS/chatmaster/app/controllers/Mock.java...
Loading source file /Users/goggin/Documents/CS/chatmaster/app/controllers/Notify.java...
Loading source file /Users/goggin/Documents/CS/chatmaster/app/controllers/Rooms.java...
Loading source file /Users/goggin/Documents/CS/chatmaster/app/controllers/Security.java...
Loading source file /Users/goggin/Documents/CS/chatmaster/app/controllers/Servers.java...
Loading source file /Users/goggin/Documents/CS/chatmaster/app/controllers/Users.java...
Loading source file /Users/goggin/Documents/CS/chatmaster/app/jobs/Bootstrap.java...
Loading source file /Users/goggin/Documents/CS/chatmaster/app/jobs/CheckPulses.java...
Loading source file /Users/goggin/Documents/CS/chatmaster/app/models/Room.java...
Loading source file /Users/goggin/Documents/CS/chatmaster/app/models/Server.java...
Loading source file /Users/goggin/Documents/CS/chatmaster/app/models/User.java...
Loading source file /Users/goggin/Documents/CS/chatmaster/app/models/UserEvent.java...
Loading source file /Users/goggin/Documents/CS/chatmaster/app/models/Utility.java...
Loading source file /Users/goggin/Library/play-1.2.1/modules/secure/app/controllers/Check.java...
Loading source file /Users/goggin/Library/play-1.2.1/modules/secure/app/controllers/Secure.java...
Loading source file /Users/goggin/Library/play-1.2.1/modules/crud/app/controllers/CRUD.java...
Constructing Javadoc information...
Standard Doclet version 1.6.0_24
Building tree for all the packages and classes...
Generating /Users/goggin/Documents/CS/chatmaster/javadoc/models//Room.html...
Generating /Users/goggin/Documents/CS/chatmaster/javadoc/models//Server.html...
Generating /Users/goggin/Documents/CS/chatmaster/javadoc/models//User.html...
Generating /Users/goggin/Documents/CS/chatmaster/javadoc/models//User.ChatExclusionStrategy.html...
Generating /Users/goggin/Documents/CS/chatmaster/javadoc/models//UserEvent.html...
Generating /Users/goggin/Documents/CS/chatmaster/javadoc/models//UserEvent.DirectMessage.html...
Generating /Users/goggin/Documents/CS/chatmaster/javadoc/models//UserEvent.Event.html...
Generating /Users/goggin/Documents/CS/chatmaster/javadoc/models//UserEvent.Join.html...
Generating /Users/goggin/Documents/CS/chatmaster/javadoc/models//UserEvent.Leave.html...
Generating /Users/goggin/Documents/CS/chatmaster/javadoc/models//UserEvent.RoomMessage.html...
Generating /Users/goggin/Documents/CS/chatmaster/javadoc/models//UserEvent.Test.html...
Generating /Users/goggin/Documents/CS/chatmaster/javadoc/models//UserEvent.UserIsTyping.html...
Generating /Users/goggin/Documents/CS/chatmaster/javadoc/models//UserEvent.UserLogon.html...
Generating /Users/goggin/Documents/CS/chatmaster/javadoc/models//UserEvent.UserLogout.html...
Generating /Users/goggin/Documents/CS/chatmaster/javadoc/models//Utility.html...
Generating /Users/goggin/Documents/CS/chatmaster/javadoc/jobs//Bootstrap.html...
Generating /Users/goggin/Documents/CS/chatmaster/javadoc/jobs//CheckPulses.html...
Generating /Users/goggin/Documents/CS/chatmaster/javadoc/controllers//Application.html...
Generating /Users/goggin/Documents/CS/chatmaster/javadoc/controllers//Check.html...
Generating /Users/goggin/Documents/CS/chatmaster/javadoc/controllers//CRUD.html...
Generating /Users/goggin/Documents/CS/chatmaster/javadoc/controllers//CRUD.Exclude.html...
Generating /Users/goggin/Documents/CS/chatmaster/javadoc/controllers//CRUD.For.html...
Generating /Users/goggin/Documents/CS/chatmaster/javadoc/controllers//CRUD.Hidden.html...
Generating /Users/goggin/Documents/CS/chatmaster/javadoc/controllers//CRUD.ObjectType.html...
Generating /Users/goggin/Documents/CS/chatmaster/javadoc/controllers//CRUD.ObjectType.ObjectField.html...
Generating /Users/goggin/Documents/CS/chatmaster/javadoc/controllers//Index.html...
Generating /Users/goggin/Documents/CS/chatmaster/javadoc/controllers//Index.ArgumentException.html...
Generating /Users/goggin/Documents/CS/chatmaster/javadoc/controllers//Mock.html...
Generating /Users/goggin/Documents/CS/chatmaster/javadoc/controllers//Notify.html...
Generating /Users/goggin/Documents/CS/chatmaster/javadoc/controllers//Rooms.html...
Generating /Users/goggin/Documents/CS/chatmaster/javadoc/controllers//Secure.html...
Generating /Users/goggin/Documents/CS/chatmaster/javadoc/controllers//Secure.Security.html...
Generating /Users/goggin/Documents/CS/chatmaster/javadoc/controllers//Security.html...
Generating /Users/goggin/Documents/CS/chatmaster/javadoc/controllers//Servers.html...
Generating /Users/goggin/Documents/CS/chatmaster/javadoc/controllers//Users.html...
Generating /Users/goggin/Documents/CS/chatmaster/javadoc/overview-frame.html...
Generating /Users/goggin/Documents/CS/chatmaster/javadoc/controllers//package-frame.html...
Generating /Users/goggin/Documents/CS/chatmaster/javadoc/controllers//package-summary.html...
Generating /Users/goggin/Documents/CS/chatmaster/javadoc/controllers//package-tree.html...
Generating /Users/goggin/Documents/CS/chatmaster/javadoc/jobs//package-frame.html...
Generating /Users/goggin/Documents/CS/chatmaster/javadoc/jobs//package-summary.html...
Generating /Users/goggin/Documents/CS/chatmaster/javadoc/jobs//package-tree.html...
Generating /Users/goggin/Documents/CS/chatmaster/javadoc/models//package-frame.html...
Generating /Users/goggin/Documents/CS/chatmaster/javadoc/models//package-summary.html...
Generating /Users/goggin/Documents/CS/chatmaster/javadoc/models//package-tree.html...
Generating /Users/goggin/Documents/CS/chatmaster/javadoc/constant-values.html...
Generating /Users/goggin/Documents/CS/chatmaster/javadoc/serialized-form.html...
Building index for all the packages and classes...
Generating /Users/goggin/Documents/CS/chatmaster/javadoc/overview-tree.html...
Generating /Users/goggin/Documents/CS/chatmaster/javadoc/index-all.html...
Generating /Users/goggin/Documents/CS/chatmaster/javadoc/deprecated-list.html...
Building index for all classes...
Generating /Users/goggin/Documents/CS/chatmaster/javadoc/allclasses-frame.html...
Generating /Users/goggin/Documents/CS/chatmaster/javadoc/allclasses-noframe.html...
Generating /Users/goggin/Documents/CS/chatmaster/javadoc/index.html...
Generating /Users/goggin/Documents/CS/chatmaster/javadoc/overview-summary.html...
Generating /Users/goggin/Documents/CS/chatmaster/javadoc/help-doc.html...
Generating /Users/goggin/Documents/CS/chatmaster/javadoc/stylesheet.css...
4 warnings
